
New version 1.4.0 of projector-installer is available (ver. 1.3.0 is installed)!
Changelog: https://github.com/JetBrains/projector-installer/blob/master/CHANGELOG.md#140
To update use command: projector self-update

Configuration name: IntelliJ

New version IntelliJ IDEA Ultimate 2020.3.4 is available.
Current version 2020.3.2.
To update use command: projector config update IntelliJ

WARNING: run config may not correspond to autogenerated files.
Try run projector config rebuild IntelliJ

To access IDE, open in browser 
	https://localhost:9999/
	https://127.0.0.1:9999/
	https://128.119.246.139:9999/

To see Projector logs in realtime run
	tail -f "/home/glbrooks/.projector/configs/IntelliJ/projector.log"

If browser warns on unsecure connection, install projector certificate:
/home/glbrooks/.projector/ssl/ca.crt
Refer to: 
https://github.com/JetBrains/projector-installer/blob/master/README.md#what-is-secure-connection
Exit IDE or press Ctrl+C to stop Projector.
